Using pre-set license
Built from '2020.3/staging' branch; Version is '2020.3.21f1 (a38c86f6690f) revision 10718342'; Using compiler version '192528614'; Build Type 'Release'
OS: 'Windows 10 Home; OS build 19044.1706; Version 2009; 64bit' Language: 'tr' Physical Memory: 16163 MB
BatchMode: 1, IsHumanControllingUs: 0, StartBugReporterOnCrash: 0, Is64bit: 1, IsPro: 0

COMMAND LINE ARGUMENTS:
C:\Program Files\Unity\Hub\Editor\2020.3.21f1\Editor\Unity.exe
-adb2
-batchMode
-noUpm
-name
AssetImportWorker0
-projectPath
D:/Unity/CollegeRun
-logFile
Logs/AssetImportWorker0.log
-srvPort
60536
Successfully changed project path to: D:/Unity/CollegeRun
D:/Unity/CollegeRun
Using Asset Import Pipeline V2.
Refreshing native plugins compatible for Editor in 53.56 ms, found 2 plugins.
Preloading 0 native plugins for Editor in 0.00 ms.
Initialize engine version: 2020.3.21f1 (a38c86f6690f)
[Subsystems] Discovering subsystems at path C:/Program Files/Unity/Hub/Editor/2020.3.21f1/Editor/Data/Resources/UnitySubsystems
[Subsystems] Discovering subsystems at path D:/Unity/CollegeRun/Assets
GfxDevice: creating device client; threaded=0
Direct3D:
    Version:  Direct3D 11.0 [level 11.1]
    Renderer: NVIDIA GeForce RTX 3050 Ti Laptop GPU (ID=0x25a0)
    Vendor:   
    VRAM:     3990 MB
    Driver:   30.0.15.1277
Shader 'BOXOPHOBIC/Polyverse Skies/Standard': fallback shader 'False' not found
Initialize mono
Mono path[0] = 'C:/Program Files/Unity/Hub/Editor/2020.3.21f1/Editor/Data/Managed'
Mono path[1] = 'C:/Program Files/Unity/Hub/Editor/2020.3.21f1/Editor/Data/MonoBleedingEdge/lib/mono/unityjit'
Mono config path = 'C:/Program Files/Unity/Hub/Editor/2020.3.21f1/Editor/Data/MonoBleedingEdge/etc'
Using monoOptions --debugger-agent=transport=dt_socket,embedding=1,server=y,suspend=n,address=127.0.0.1:56744
Begin MonoManager ReloadAssembly
Registering precompiled unity dll's ...
Register platform support module: C:/Program Files/Unity/Hub/Editor/2020.3.21f1/Editor/Data/PlaybackEngines/WindowsStandaloneSupport/UnityEditor.WindowsStandalone.Extensions.dll
Registered in 0.001505 seconds.
Native extension for WindowsStandalone target not found
Refreshing native plugins compatible for Editor in 58.06 ms, found 2 plugins.
Preloading 0 native plugins for Editor in 0.00 ms.
Mono: successfully reloaded assembly
- Completed reload, in  1.913 seconds
Domain Reload Profiling:
	ReloadAssembly (1913ms)
		BeginReloadAssembly (44ms)
			ExecutionOrderSort (0ms)
			DisableScriptedObjects (0ms)
			BackupInstance (0ms)
			ReleaseScriptingObjects (0ms)
			CreateAndSetChildDomain (1ms)
		EndReloadAssembly (401ms)
			LoadAssemblies (43ms)
			RebuildTransferFunctionScriptingTraits (0ms)
			SetupTypeCache (114ms)
			ReleaseScriptCaches (0ms)
			RebuildScriptCaches (30ms)
			SetupLoadedEditorAssemblies (165ms)
				LogAssemblyErrors (0ms)
				InitializePlatformSupportModulesInManaged (3ms)
				SetLoadedEditorAssemblies (0ms)
				RefreshPlugins (58ms)
				BeforeProcessingInitializeOnLoad (13ms)
				ProcessInitializeOnLoadAttributes (66ms)
				ProcessInitializeOnLoadMethodAttributes (24ms)
				AfterProcessingInitializeOnLoad (0ms)
				EditorAssembliesLoaded (0ms)
			ExecutionOrderSort2 (0ms)
			AwakeInstancesAfterBackupRestoration (0ms)
Platform modules already initialized, skipping
Registering precompiled user dll's ...
Registered in 0.004963 seconds.
Begin MonoManager ReloadAssembly
Native extension for WindowsStandalone target not found
Refreshing native plugins compatible for Editor in 65.02 ms, found 2 plugins.
Preloading 0 native plugins for Editor in 0.00 ms.
Mono: successfully reloaded assembly
- Completed reload, in  0.964 seconds
Domain Reload Profiling:
	ReloadAssembly (964ms)
		BeginReloadAssembly (107ms)
			ExecutionOrderSort (0ms)
			DisableScriptedObjects (3ms)
			BackupInstance (0ms)
			ReleaseScriptingObjects (0ms)
			CreateAndSetChildDomain (21ms)
		EndReloadAssembly (811ms)
			LoadAssemblies (79ms)
			RebuildTransferFunctionScriptingTraits (0ms)
			SetupTypeCache (241ms)
			ReleaseScriptCaches (1ms)
			RebuildScriptCaches (58ms)
			SetupLoadedEditorAssemblies (340ms)
				LogAssemblyErrors (0ms)
				InitializePlatformSupportModulesInManaged (3ms)
				SetLoadedEditorAssemblies (0ms)
				RefreshPlugins (65ms)
				BeforeProcessingInitializeOnLoad (78ms)
				ProcessInitializeOnLoadAttributes (181ms)
				ProcessInitializeOnLoadMethodAttributes (7ms)
				AfterProcessingInitializeOnLoad (5ms)
				EditorAssembliesLoaded (0ms)
			ExecutionOrderSort2 (0ms)
			AwakeInstancesAfterBackupRestoration (5ms)
Platform modules already initialized, skipping
========================================================================
Worker process is ready to serve import requests
Shader 'BOXOPHOBIC/Polyverse Skies/Standard': fallback shader 'False' not found
Launched and connected shader compiler UnityShaderCompiler.exe after 0.06 seconds
Refreshing native plugins compatible for Editor in 0.60 ms, found 2 plugins.
Preloading 0 native plugins for Editor in 0.00 ms.
Unloading 3462 Unused Serialized files (Serialized files now loaded: 0)
System memory in use before: 149.0 MB.
System memory in use after: 149.0 MB.

Unloading 28 unused Assets to reduce memory usage. Loaded Objects now: 3898.
Total: 2.923700 ms (FindLiveObjects: 0.213700 ms CreateObjectMapping: 0.077500 ms MarkObjects: 2.435000 ms  DeleteObjects: 0.196600 ms)

AssetImportParameters requested are different than current active one (requested -> active):
  custom:framework-win-MediaFoundation: 216162199b28c13a410421893ffa2e32 -> 
  custom:video-decoder-ogg-theora: a1e56fd34408186e4bbccfd4996cb3dc -> 
  custom:container-muxer-webm: aa71ff27fc2769a1b78a27578f13a17b -> 
  custom:container-demuxer-webm: 4f35f7cbe854078d1ac9338744f61a02 -> 
  custom:container-demuxer-ogg: 62fdf1f143b41e24485cea50d1cbac27 -> 
  custom:video-encoder-webm-vp8: eb34c28f22e8b96e1ab97ce403110664 -> 
  custom:video-decoder-webm-vp8: 9c59270c3fd7afecdb556c50c9e8de78 -> 
  custom:audio-decoder-ogg-vorbis: bf7c407c2cedff20999df2af8eb42d56 -> 
  custom:audio-encoder-webm-vorbis: bf7c407c2cedff20999df2af8eb42d56 -> 
========================================================================
Received Import Request.
  path: Assets/OutFile/Epic Toon FX/Materials/Basics/sparkle2_ADD.mat
  artifactKey: Guid(1fe38ac1a569ae54590f6e2aff679c74) Importer(815301076,1909f56bfc062723c751e8b465ee728b)
Start importing Assets/OutFile/Epic Toon FX/Materials/Basics/sparkle2_ADD.mat using Guid(1fe38ac1a569ae54590f6e2aff679c74) Importer(815301076,1909f56bfc062723c751e8b465ee728b)  -> (artifact id: 'ff9e5a2ff4b1a9aee4982e09103d2cf5') in 0.225295 seconds 
  Import took 0.241083 seconds .

========================================================================
Received Import Request.
  Time since last request: 30.399948 seconds.
  path: Assets/Materials/dreamjobrunner.png
  artifactKey: Guid(66c409e0bd7ec4c2796bdbf825c3b5c9) Importer(815301076,1909f56bfc062723c751e8b465ee728b)
Start importing Assets/Materials/dreamjobrunner.png using Guid(66c409e0bd7ec4c2796bdbf825c3b5c9) Importer(815301076,1909f56bfc062723c751e8b465ee728b)  -> (artifact id: '3bd06a13f12547871dda6660a1e031f8') in 0.098741 seconds 
  Import took 0.118286 seconds .

========================================================================
Received Import Request.
  Time since last request: 0.000160 seconds.
  path: Assets/Materials/whiteScreen.png
  artifactKey: Guid(1393467f1d02e464080be3b6551dbc51) Importer(815301076,1909f56bfc062723c751e8b465ee728b)
Start importing Assets/Materials/whiteScreen.png using Guid(1393467f1d02e464080be3b6551dbc51) Importer(815301076,1909f56bfc062723c751e8b465ee728b)  -> (artifact id: '465d0c3b63762318438fb4ea2a85fe2e') in 0.042021 seconds 
  Import took 0.062624 seconds .

========================================================================
Received Import Request.
  Time since last request: 2.160455 seconds.
  path: Assets/Prefab/StarExplosion.prefab
  artifactKey: Guid(0dd999f55e66a424ab44ece219a6dbc6) Importer(815301076,1909f56bfc062723c751e8b465ee728b)
Start importing Assets/Prefab/StarExplosion.prefab using Guid(0dd999f55e66a424ab44ece219a6dbc6) Importer(815301076,1909f56bfc062723c751e8b465ee728b)  -> (artifact id: '548554961045545e3c9277192bd87974') in 0.198033 seconds 
  Import took 0.219538 seconds .

========================================================================
Received Import Request.
  Time since last request: 0.298398 seconds.
  path: Assets/Resources/DOTweenSettings.asset
  artifactKey: Guid(c3d799c932763490dacf5d4e7d89974b) Importer(815301076,1909f56bfc062723c751e8b465ee728b)
Start importing Assets/Resources/DOTweenSettings.asset using Guid(c3d799c932763490dacf5d4e7d89974b) Importer(815301076,1909f56bfc062723c751e8b465ee728b)  -> (artifact id: 'b1c5608e8bc77de288deb4d348badd41') in 0.028007 seconds 
  Import took 0.048849 seconds .

========================================================================
Received Import Request.
  Time since last request: 1.404274 seconds.
  path: Assets/Settings/ForwardRenderer.asset
  artifactKey: Guid(4a8e21d5c33334b11b34a596161b9360) Importer(815301076,1909f56bfc062723c751e8b465ee728b)
Start importing Assets/Settings/ForwardRenderer.asset using Guid(4a8e21d5c33334b11b34a596161b9360) Importer(815301076,1909f56bfc062723c751e8b465ee728b)  -> (artifact id: 'fd4bee02f0291389c3517910503f4b22') in 0.006943 seconds 
  Import took 0.117849 seconds .

========================================================================
Received Import Request.
  Time since last request: 0.000198 seconds.
  path: Assets/Settings/UniversalRP-LowQuality.asset
  artifactKey: Guid(a31e9f9f9c9d4b9429ed0d1234e22103) Importer(815301076,1909f56bfc062723c751e8b465ee728b)
Start importing Assets/Settings/UniversalRP-LowQuality.asset using Guid(a31e9f9f9c9d4b9429ed0d1234e22103) Importer(815301076,1909f56bfc062723c751e8b465ee728b)  -> (artifact id: 'b226a0bb157262eadf686f6bb5b5f1f8') in 0.017770 seconds 
  Import took 0.037752 seconds .

========================================================================
Received Import Request.
  Time since last request: 0.000219 seconds.
  path: Assets/Settings/UniversalRP-MediumQuality.asset
  artifactKey: Guid(d847b876476d3d6468f5dfcd34266f96) Importer(815301076,1909f56bfc062723c751e8b465ee728b)
Start importing Assets/Settings/UniversalRP-MediumQuality.asset using Guid(d847b876476d3d6468f5dfcd34266f96) Importer(815301076,1909f56bfc062723c751e8b465ee728b)  -> (artifact id: 'd421f548a6507a11f25ec3578746e9c1') in 0.024316 seconds 
  Import took 0.038608 seconds .

========================================================================
Received Import Request.
  Time since last request: 0.000156 seconds.
  path: Assets/Settings/UniversalRP-HighQuality.asset
  artifactKey: Guid(19ba41d7c0026c3459d37c2fe90c55a0) Importer(815301076,1909f56bfc062723c751e8b465ee728b)
Start importing Assets/Settings/UniversalRP-HighQuality.asset using Guid(19ba41d7c0026c3459d37c2fe90c55a0) Importer(815301076,1909f56bfc062723c751e8b465ee728b)  -> (artifact id: '02e18c1f933b70f494440bf5e7626866') in 0.018566 seconds 
  Import took 0.052590 seconds .

========================================================================
Received Import Request.
  Time since last request: 1.368951 seconds.
  path: Assets/Scenes/SampleSceneLightingSettings.lighting
  artifactKey: Guid(477cc4148fad3449482a3bc3178594e2) Importer(815301076,1909f56bfc062723c751e8b465ee728b)
Start importing Assets/Scenes/SampleSceneLightingSettings.lighting using Guid(477cc4148fad3449482a3bc3178594e2) Importer(815301076,1909f56bfc062723c751e8b465ee728b)  -> (artifact id: '4a26a52e718306fba651ad1c5ff177c0') in 0.015585 seconds 
  Import took 0.037259 seconds .

========================================================================
Received Import Request.
  Time since last request: 71.900218 seconds.
  path: Assets/Prefab/Item/ItemObject.prefab
  artifactKey: Guid(2652793188db7fa48bf4d03513a178e7) Importer(815301076,1909f56bfc062723c751e8b465ee728b)
Start importing Assets/Prefab/Item/ItemObject.prefab using Guid(2652793188db7fa48bf4d03513a178e7) Importer(815301076,1909f56bfc062723c751e8b465ee728b)  -> (artifact id: '139adae46e428c876d63cb3cbb45e8b2') in 0.154916 seconds 
  Import took 0.180904 seconds .

========================================================================
Received Import Request.
  Time since last request: 0.600911 seconds.
  path: Assets/Prefab/Item/Particle
  artifactKey: Guid(f50a69a5cf6404e5f9d85c3a1d117910) Importer(815301076,1909f56bfc062723c751e8b465ee728b)
Start importing Assets/Prefab/Item/Particle using Guid(f50a69a5cf6404e5f9d85c3a1d117910) Importer(815301076,1909f56bfc062723c751e8b465ee728b)  -> (artifact id: '2afe03941644686a3149da0ae2316caf') in 0.013020 seconds 
  Import took 0.039035 seconds .

========================================================================
Received Import Request.
  Time since last request: 0.002083 seconds.
  path: Assets/Prefab/Item/Particle/Spark-3-Particles (1).prefab
  artifactKey: Guid(e883ae434a763465f8c7635b96b9265d) Importer(815301076,1909f56bfc062723c751e8b465ee728b)
Start importing Assets/Prefab/Item/Particle/Spark-3-Particles (1).prefab using Guid(e883ae434a763465f8c7635b96b9265d) Importer(815301076,1909f56bfc062723c751e8b465ee728b)  -> (artifact id: 'd681524250ffe8c15f6940f360479396') in 0.060050 seconds 
  Import took 0.074625 seconds .

========================================================================
Received Import Request.
  Time since last request: 0.000154 seconds.
  path: Assets/Prefab/Item/Particle/Spark-3-Particles.prefab
  artifactKey: Guid(4cbcfadb7588a49bca4655d9cbfa1e34) Importer(815301076,1909f56bfc062723c751e8b465ee728b)
Start importing Assets/Prefab/Item/Particle/Spark-3-Particles.prefab using Guid(4cbcfadb7588a49bca4655d9cbfa1e34) Importer(815301076,1909f56bfc062723c751e8b465ee728b)  -> (artifact id: '17901684ce7d41c5af7dd1d3d1a0c948') in 0.029613 seconds 
  Import took 0.041875 seconds .

========================================================================
Received Import Request.
  Time since last request: 99.573010 seconds.
  path: Assets/OutFile/Epic Toon FX/Materials/Basics/circlestretchy_AB.mat
  artifactKey: Guid(c69a36694c3d44847ae1097a253e3d56) Importer(815301076,1909f56bfc062723c751e8b465ee728b)
Start importing Assets/OutFile/Epic Toon FX/Materials/Basics/circlestretchy_AB.mat using Guid(c69a36694c3d44847ae1097a253e3d56) Importer(815301076,1909f56bfc062723c751e8b465ee728b)  -> (artifact id: 'aa513a3892125531e52a7d7b9afafd59') in 0.014794 seconds 
  Import took 0.133411 seconds .

========================================================================
Received Import Request.
  Time since last request: 0.000262 seconds.
  path: Assets/OutFile/Epic Toon FX/Materials/Basics/cloud_2x2_soft_AB.mat
  artifactKey: Guid(719f8d52fe2e6b444b41c2f7a8fe587b) Importer(815301076,1909f56bfc062723c751e8b465ee728b)
Start importing Assets/OutFile/Epic Toon FX/Materials/Basics/cloud_2x2_soft_AB.mat using Guid(719f8d52fe2e6b444b41c2f7a8fe587b) Importer(815301076,1909f56bfc062723c751e8b465ee728b)  -> (artifact id: '5d58f2ed034d37b41ecd85f94dfa1bb8') in 0.019134 seconds 
  Import took 0.038410 seconds .

========================================================================
Received Import Request.
  Time since last request: 13.058419 seconds.
  path: Assets/PowerUp/Materials/dirt.png
  artifactKey: Guid(1821f1f379b5c4e44a11ee82e883001b) Importer(815301076,1909f56bfc062723c751e8b465ee728b)
Start importing Assets/PowerUp/Materials/dirt.png using Guid(1821f1f379b5c4e44a11ee82e883001b) Importer(815301076,1909f56bfc062723c751e8b465ee728b)  -> (artifact id: 'e9e7b8a80b032cae9e0a5fd92cc86c5d') in 0.149868 seconds 
  Import took 0.171299 seconds .

========================================================================
Received Import Request.
  Time since last request: 0.000212 seconds.
  path: Assets/PowerUp/Materials/Shine.mat
  artifactKey: Guid(870b1aab6db6b3a4793e20ba16c84c6d) Importer(815301076,1909f56bfc062723c751e8b465ee728b)
Start importing Assets/PowerUp/Materials/Shine.mat using Guid(870b1aab6db6b3a4793e20ba16c84c6d) Importer(815301076,1909f56bfc062723c751e8b465ee728b)  -> (artifact id: '2d47cfa65ef9b75e07b936eae9584b51') in 0.058202 seconds 
  Import took 0.077250 seconds .

========================================================================
Received Import Request.
  Time since last request: 0.000253 seconds.
  path: Assets/PowerUp/Materials/spark-4.mat
  artifactKey: Guid(ff721caafe458664e9f2bcfa423df5a9) Importer(815301076,1909f56bfc062723c751e8b465ee728b)
Start importing Assets/PowerUp/Materials/spark-4.mat using Guid(ff721caafe458664e9f2bcfa423df5a9) Importer(815301076,1909f56bfc062723c751e8b465ee728b)  -> (artifact id: '6b7f1cafafd3d14d60303c0bc879d10e') in 0.048253 seconds 
  Import took 0.068848 seconds .

========================================================================
Received Import Request.
  Time since last request: 0.000170 seconds.
  path: Assets/PowerUp/Materials/shine.tga
  artifactKey: Guid(af4fe9730068e18419ff84a958ba6744) Importer(815301076,1909f56bfc062723c751e8b465ee728b)
Start importing Assets/PowerUp/Materials/shine.tga using Guid(af4fe9730068e18419ff84a958ba6744) Importer(815301076,1909f56bfc062723c751e8b465ee728b)  -> (artifact id: 'b3970f0a82259a2d634534a0e415438a') in 0.012608 seconds 
  Import took 0.026063 seconds .

========================================================================
Received Import Request.
  Time since last request: 0.000138 seconds.
  path: Assets/PowerUp/Materials/ExternPowerUpRed.mat
  artifactKey: Guid(e80bf5945c9e01b4a8180c7fa7860a0f) Importer(815301076,1909f56bfc062723c751e8b465ee728b)
Start importing Assets/PowerUp/Materials/ExternPowerUpRed.mat using Guid(e80bf5945c9e01b4a8180c7fa7860a0f) Importer(815301076,1909f56bfc062723c751e8b465ee728b)  -> (artifact id: '2a81db2322817bdb030833a3f42ab53c') in 0.049499 seconds 
  Import took 0.054625 seconds .

========================================================================
Received Import Request.
  Time since last request: 0.000145 seconds.
  path: Assets/PowerUp/Materials/Room.mat
  artifactKey: Guid(716ff4a1f6f400848aebc1ec09a52490) Importer(815301076,1909f56bfc062723c751e8b465ee728b)
Start importing Assets/PowerUp/Materials/Room.mat using Guid(716ff4a1f6f400848aebc1ec09a52490) Importer(815301076,1909f56bfc062723c751e8b465ee728b)  -> (artifact id: '0d8dc1a45087f367c6f97d6510345aa3') in 0.047029 seconds 
  Import took 0.075391 seconds .

========================================================================
Received Import Request.
  Time since last request: 0.000173 seconds.
  path: Assets/PowerUp/Materials/ExternPowerUpBlue.mat
  artifactKey: Guid(02758698f6605d345a67239c79c069b6) Importer(815301076,1909f56bfc062723c751e8b465ee728b)
Start importing Assets/PowerUp/Materials/ExternPowerUpBlue.mat using Guid(02758698f6605d345a67239c79c069b6) Importer(815301076,1909f56bfc062723c751e8b465ee728b)  -> (artifact id: 'ab79f4bfae73b0d6008751572993f774') in 0.035742 seconds 
  Import took 0.045871 seconds .

========================================================================
Received Import Request.
  Time since last request: 0.000181 seconds.
  path: Assets/PowerUp/Materials/extern-power-up-green.tga
  artifactKey: Guid(2c4ed347d4ee1a3438d747596c36309e) Importer(815301076,1909f56bfc062723c751e8b465ee728b)
Start importing Assets/PowerUp/Materials/extern-power-up-green.tga using Guid(2c4ed347d4ee1a3438d747596c36309e) Importer(815301076,1909f56bfc062723c751e8b465ee728b)  -> (artifact id: 'f4ba686cd54d174c8801b60bde910544') in 0.041819 seconds 
  Import took 0.057953 seconds .

========================================================================
Received Import Request.
  Time since last request: 0.000286 seconds.
  path: Assets/PowerUp/Materials/spark-1.mat
  artifactKey: Guid(f6beb56c5f5b3294c9c6339ed839ba9f) Importer(815301076,1909f56bfc062723c751e8b465ee728b)
Start importing Assets/PowerUp/Materials/spark-1.mat using Guid(f6beb56c5f5b3294c9c6339ed839ba9f) Importer(815301076,1909f56bfc062723c751e8b465ee728b)  -> (artifact id: 'a7bd61168fd7a1355b3b15ca277f7205') in 0.044683 seconds 
  Import took 0.050326 seconds .

========================================================================
Received Import Request.
  Time since last request: 0.000183 seconds.
  path: Assets/PowerUp/Materials/spark-2.tga
  artifactKey: Guid(0a4e461b2cf4e484d802e723251be7c0) Importer(815301076,1909f56bfc062723c751e8b465ee728b)
Start importing Assets/PowerUp/Materials/spark-2.tga using Guid(0a4e461b2cf4e484d802e723251be7c0) Importer(815301076,1909f56bfc062723c751e8b465ee728b)  -> (artifact id: '06ff0f1582bc85fc2a0d3e9f30948634') in 0.019650 seconds 
  Import took 0.041029 seconds .

========================================================================
Received Import Request.
  Time since last request: 0.000328 seconds.
  path: Assets/PowerUp/Materials/extern-power-up-blue.tga
  artifactKey: Guid(b8254e3f20ef72d42af39930cd133988) Importer(815301076,1909f56bfc062723c751e8b465ee728b)
Start importing Assets/PowerUp/Materials/extern-power-up-blue.tga using Guid(b8254e3f20ef72d42af39930cd133988) Importer(815301076,1909f56bfc062723c751e8b465ee728b)  -> (artifact id: '34f94b973ad3af363002b65ce26b7d27') in 0.011770 seconds 
  Import took 0.017637 seconds .

========================================================================
Received Import Request.
  Time since last request: 0.000176 seconds.
  path: Assets/PowerUp/Materials/spark-4.tga
  artifactKey: Guid(bc7f73aad75bda84b91b729bcddc4717) Importer(815301076,1909f56bfc062723c751e8b465ee728b)
Start importing Assets/PowerUp/Materials/spark-4.tga using Guid(bc7f73aad75bda84b91b729bcddc4717) Importer(815301076,1909f56bfc062723c751e8b465ee728b)  -> (artifact id: '968741df5f8a05bc28d57583668dd75a') in 0.016812 seconds 
  Import took 0.036448 seconds .

========================================================================
Received Import Request.
  Time since last request: 0.000176 seconds.
  path: Assets/PowerUp/Materials/spark-2.mat
  artifactKey: Guid(72cec98c07b5d364bb567b5579e4ec7e) Importer(815301076,1909f56bfc062723c751e8b465ee728b)
Start importing Assets/PowerUp/Materials/spark-2.mat using Guid(72cec98c07b5d364bb567b5579e4ec7e) Importer(815301076,1909f56bfc062723c751e8b465ee728b)  -> (artifact id: 'da134fa1bb6306e33aa9f73ce83b2aae') in 0.031472 seconds 
  Import took 0.050424 seconds .

========================================================================
Received Import Request.
  Time since last request: 0.000227 seconds.
  path: Assets/PowerUp/Materials/flame-2.tga
  artifactKey: Guid(264365c2f4791d34e84390c2b8b24f31) Importer(815301076,1909f56bfc062723c751e8b465ee728b)
Start importing Assets/PowerUp/Materials/flame-2.tga using Guid(264365c2f4791d34e84390c2b8b24f31) Importer(815301076,1909f56bfc062723c751e8b465ee728b)  -> (artifact id: '59918f563f24fb7df1f28ee7c6aeb8b8') in 0.023819 seconds 
  Import took 0.029267 seconds .

========================================================================
Received Import Request.
  Time since last request: 0.000206 seconds.
  path: Assets/PowerUp/Materials/flame-2.mat
  artifactKey: Guid(2333ad3120911894b8cb7e2d33a4e304) Importer(815301076,1909f56bfc062723c751e8b465ee728b)
Start importing Assets/PowerUp/Materials/flame-2.mat using Guid(2333ad3120911894b8cb7e2d33a4e304) Importer(815301076,1909f56bfc062723c751e8b465ee728b)  -> (artifact id: 'eacd08a97755e9af4bfdc13669bb37a8') in 0.027813 seconds 
  Import took 0.033582 seconds .

========================================================================
Received Import Request.
  Time since last request: 0.000183 seconds.
  path: Assets/PowerUp/Materials/ExternPowerUp.mat
  artifactKey: Guid(78b3d2607f4c8c843b131bd40468e68a) Importer(815301076,1909f56bfc062723c751e8b465ee728b)
Start importing Assets/PowerUp/Materials/ExternPowerUp.mat using Guid(78b3d2607f4c8c843b131bd40468e68a) Importer(815301076,1909f56bfc062723c751e8b465ee728b)  -> (artifact id: '66a429272feb143b0b02c90c41859096') in 0.037099 seconds 
  Import took 0.042683 seconds .

========================================================================
Received Import Request.
  Time since last request: 0.000174 seconds.
  path: Assets/PowerUp/Materials/extern-power-up.tga
  artifactKey: Guid(a54e66c3f9f98534fb19d4fea9cd1962) Importer(815301076,1909f56bfc062723c751e8b465ee728b)
Start importing Assets/PowerUp/Materials/extern-power-up.tga using Guid(a54e66c3f9f98534fb19d4fea9cd1962) Importer(815301076,1909f56bfc062723c751e8b465ee728b)  -> (artifact id: '59dce9395083363d58dd80d52d603daf') in 0.013856 seconds 
  Import took 0.019183 seconds .

========================================================================
Received Import Request.
  Time since last request: 0.000195 seconds.
  path: Assets/PowerUp/Materials/ExternPowerUpYellow.mat
  artifactKey: Guid(617243c6fdcf2d246b04b3da0e06d673) Importer(815301076,1909f56bfc062723c751e8b465ee728b)
Start importing Assets/PowerUp/Materials/ExternPowerUpYellow.mat using Guid(617243c6fdcf2d246b04b3da0e06d673) Importer(815301076,1909f56bfc062723c751e8b465ee728b)  -> (artifact id: '1496ecd4123700d34bfb26d211732a10') in 0.023495 seconds 
  Import took 0.040596 seconds .

========================================================================
Received Import Request.
  Time since last request: 0.000167 seconds.
  path: Assets/PowerUp/Materials/flame-1.tga
  artifactKey: Guid(5a92045f2e5f77b479fd6bc6baa3b066) Importer(815301076,1909f56bfc062723c751e8b465ee728b)
Start importing Assets/PowerUp/Materials/flame-1.tga using Guid(5a92045f2e5f77b479fd6bc6baa3b066) Importer(815301076,1909f56bfc062723c751e8b465ee728b)  -> (artifact id: 'd6fb61848d10a1c488f964aa48088c72') in 0.015762 seconds 
  Import took 0.021560 seconds .

========================================================================
Received Import Request.
  Time since last request: 0.000153 seconds.
  path: Assets/PowerUp/Materials/extern-power-up-yellow.tga
  artifactKey: Guid(b6a4fc1c8cdd50a44b3d036e8258689d) Importer(815301076,1909f56bfc062723c751e8b465ee728b)
Start importing Assets/PowerUp/Materials/extern-power-up-yellow.tga using Guid(b6a4fc1c8cdd50a44b3d036e8258689d) Importer(815301076,1909f56bfc062723c751e8b465ee728b)  -> (artifact id: 'f202989c35cda62b56f1cacd159f5f3a') in 0.014614 seconds 
  Import took 0.019258 seconds .

========================================================================
Received Import Request.
  Time since last request: 0.000200 seconds.
  path: Assets/PowerUp/Materials/spark-3.tga
  artifactKey: Guid(c329e31cd338d284cb61fd4048be3047) Importer(815301076,1909f56bfc062723c751e8b465ee728b)
Start importing Assets/PowerUp/Materials/spark-3.tga using Guid(c329e31cd338d284cb61fd4048be3047) Importer(815301076,1909f56bfc062723c751e8b465ee728b)  -> (artifact id: 'f99c75eb86b734f48290b91316fdbb23') in 0.018456 seconds 
  Import took 0.034995 seconds .

========================================================================
Received Import Request.
  Time since last request: 0.000195 seconds.
  path: Assets/PowerUp/Materials/extern-power-up-red.tga
  artifactKey: Guid(350a78ed8fb6190438a98b7895e5054e) Importer(815301076,1909f56bfc062723c751e8b465ee728b)
Start importing Assets/PowerUp/Materials/extern-power-up-red.tga using Guid(350a78ed8fb6190438a98b7895e5054e) Importer(815301076,1909f56bfc062723c751e8b465ee728b)  -> (artifact id: 'f24159ce1b7fc55b750e3cbf646be513') in 0.012227 seconds 
  Import took 0.016910 seconds .

========================================================================
Received Import Request.
  Time since last request: 0.000170 seconds.
  path: Assets/PowerUp/Materials/ExternPowerUpGreen.mat
  artifactKey: Guid(977b6d7a9501307478a6fab8d0743ae9) Importer(815301076,1909f56bfc062723c751e8b465ee728b)
Start importing Assets/PowerUp/Materials/ExternPowerUpGreen.mat using Guid(977b6d7a9501307478a6fab8d0743ae9) Importer(815301076,1909f56bfc062723c751e8b465ee728b)  -> (artifact id: '3ac0be2ba23561e4dcac774df1a8a770') in 0.017070 seconds 
  Import took 0.034583 seconds .

========================================================================
Received Import Request.
  Time since last request: 0.000161 seconds.
  path: Assets/PowerUp/Materials/flame-1.mat
  artifactKey: Guid(35a80721181006b41a9a1f03dd6ac05f) Importer(815301076,1909f56bfc062723c751e8b465ee728b)
Start importing Assets/PowerUp/Materials/flame-1.mat using Guid(35a80721181006b41a9a1f03dd6ac05f) Importer(815301076,1909f56bfc062723c751e8b465ee728b)  -> (artifact id: '1c7884ef0cef39e073c7ce3f8ab0f7e8') in 0.017964 seconds 
  Import took 0.027762 seconds .

========================================================================
Received Import Request.
  Time since last request: 0.000155 seconds.
  path: Assets/PowerUp/Materials/shine-1.tga
  artifactKey: Guid(a1bde096ad2e87342930da8beb2b8818) Importer(815301076,1909f56bfc062723c751e8b465ee728b)
Start importing Assets/PowerUp/Materials/shine-1.tga using Guid(a1bde096ad2e87342930da8beb2b8818) Importer(815301076,1909f56bfc062723c751e8b465ee728b)  -> (artifact id: '4239995a82917132868da7345a551d64') in 0.025682 seconds 
  Import took 0.031398 seconds .

========================================================================
Received Import Request.
  Time since last request: 0.000188 seconds.
  path: Assets/PowerUp/Materials/shine-1.mat
  artifactKey: Guid(6e629e770dbc8084185515f2d69bb428) Importer(815301076,1909f56bfc062723c751e8b465ee728b)
Start importing Assets/PowerUp/Materials/shine-1.mat using Guid(6e629e770dbc8084185515f2d69bb428) Importer(815301076,1909f56bfc062723c751e8b465ee728b)  -> (artifact id: '37c5cfde6eeb796fd65d0366f006876e') in 0.023405 seconds 
  Import took 0.029056 seconds .

========================================================================
Received Import Request.
  Time since last request: 0.000170 seconds.
  path: Assets/PowerUp/Materials/spark-1.tga
  artifactKey: Guid(2dc82d30627a42945ac935e5658a1d4d) Importer(815301076,1909f56bfc062723c751e8b465ee728b)
Start importing Assets/PowerUp/Materials/spark-1.tga using Guid(2dc82d30627a42945ac935e5658a1d4d) Importer(815301076,1909f56bfc062723c751e8b465ee728b)  -> (artifact id: 'f0a788dd1297834efb8b96052fe0a75d') in 0.013137 seconds 
  Import took 0.018663 seconds .

========================================================================
Received Import Request.
  Time since last request: 0.000203 seconds.
  path: Assets/PowerUp/Materials/spark-3.mat
  artifactKey: Guid(70322d5cca9cefa4383336c2bdab52ec) Importer(815301076,1909f56bfc062723c751e8b465ee728b)
Start importing Assets/PowerUp/Materials/spark-3.mat using Guid(70322d5cca9cefa4383336c2bdab52ec) Importer(815301076,1909f56bfc062723c751e8b465ee728b)  -> (artifact id: '0f10f89413058d4116ada572f539e2d4') in 0.011977 seconds 
  Import took 0.017242 seconds .

========================================================================
Received Import Request.
  Time since last request: 1.880883 seconds.
  path: Assets/PowerUp/Prefabs/PowerUpContainerBlue.prefab
  artifactKey: Guid(0b96cfde923514d4f94409c375d99959) Importer(815301076,1909f56bfc062723c751e8b465ee728b)
Start importing Assets/PowerUp/Prefabs/PowerUpContainerBlue.prefab using Guid(0b96cfde923514d4f94409c375d99959) Importer(815301076,1909f56bfc062723c751e8b465ee728b)  -> (artifact id: '3190dc2c63721fa188fa1a19e84c2df1') in 0.460534 seconds 
  Import took 0.466618 seconds .

========================================================================
Received Import Request.
  Time since last request: 0.000213 seconds.
  path: Assets/PowerUp/Prefabs/PowerUpContainerFlame-1.prefab
  artifactKey: Guid(9a8ab42d6f1b3a94e92fe881e0e867c6) Importer(815301076,1909f56bfc062723c751e8b465ee728b)
Start importing Assets/PowerUp/Prefabs/PowerUpContainerFlame-1.prefab using Guid(9a8ab42d6f1b3a94e92fe881e0e867c6) Importer(815301076,1909f56bfc062723c751e8b465ee728b)  -> (artifact id: '7065ab9b2c51a42a3f88847af211e9a9') in 0.017829 seconds 
  Import took 0.023468 seconds .

========================================================================
Received Import Request.
  Time since last request: 0.000186 seconds.
  path: Assets/PowerUp/Prefabs/PowerUpContainerDoubleShine.prefab
  artifactKey: Guid(339ec13e94b70ca469275f6f7e29bac3) Importer(815301076,1909f56bfc062723c751e8b465ee728b)
Start importing Assets/PowerUp/Prefabs/PowerUpContainerDoubleShine.prefab using Guid(339ec13e94b70ca469275f6f7e29bac3) Importer(815301076,1909f56bfc062723c751e8b465ee728b)  -> (artifact id: '6a79c01582bc030aeaa7f095295d4f02') in 0.017707 seconds 
  Import took 0.023063 seconds .

========================================================================
Received Import Request.
  Time since last request: 0.000152 seconds.
  path: Assets/PowerUp/Prefabs/PowerUpContainerYellowEuro.prefab
  artifactKey: Guid(f9f38f77edcc4364bbe69808863d0c83) Importer(815301076,1909f56bfc062723c751e8b465ee728b)
Start importing Assets/PowerUp/Prefabs/PowerUpContainerYellowEuro.prefab using Guid(f9f38f77edcc4364bbe69808863d0c83) Importer(815301076,1909f56bfc062723c751e8b465ee728b)  -> (artifact id: '11697d2959d657dab180490fd448a3ba') in 0.101253 seconds 
  Import took 0.107009 seconds .

========================================================================
Received Import Request.
  Time since last request: 0.000171 seconds.
  path: Assets/PowerUp/Prefabs/PowerUpContainerDoubleSpark-1.prefab
  artifactKey: Guid(3ac3af0756bb3654690122060f9cef08) Importer(815301076,1909f56bfc062723c751e8b465ee728b)
Start importing Assets/PowerUp/Prefabs/PowerUpContainerDoubleSpark-1.prefab using Guid(3ac3af0756bb3654690122060f9cef08) Importer(815301076,1909f56bfc062723c751e8b465ee728b)  -> (artifact id: '129d72a8c9172357a5359a7dbe91b131') in 0.028657 seconds 
  Import took 0.047213 seconds .

========================================================================
Received Import Request.
  Time since last request: 0.000173 seconds.
  path: Assets/PowerUp/Prefabs/PowerUpContainerBlueFlame.prefab
  artifactKey: Guid(f10a79f37ff522b4280e2844332bef77) Importer(815301076,1909f56bfc062723c751e8b465ee728b)
Start importing Assets/PowerUp/Prefabs/PowerUpContainerBlueFlame.prefab using Guid(f10a79f37ff522b4280e2844332bef77) Importer(815301076,1909f56bfc062723c751e8b465ee728b)  -> (artifact id: 'f2a74fec495ec4741d3fe124bcc3ef9d') in 0.016819 seconds 
  Import took 0.022078 seconds .

========================================================================
Received Import Request.
  Time since last request: 0.000183 seconds.
  path: Assets/PowerUp/Prefabs/PowerUpContainerYellow.prefab
  artifactKey: Guid(0c6c6a0e9df04f341be96e061ddbf145) Importer(815301076,1909f56bfc062723c751e8b465ee728b)
Start importing Assets/PowerUp/Prefabs/PowerUpContainerYellow.prefab using Guid(0c6c6a0e9df04f341be96e061ddbf145) Importer(815301076,1909f56bfc062723c751e8b465ee728b)  -> (artifact id: '4ffeb90e203cfd352d4f78971faa0af1') in 0.046081 seconds 
  Import took 0.052491 seconds .

========================================================================
Received Import Request.
  Time since last request: 0.000220 seconds.
  path: Assets/PowerUp/Prefabs/PowerUpContainerDoubleSpark-2.prefab
  artifactKey: Guid(8f2875655f485be4d8438962a9d306bc) Importer(815301076,1909f56bfc062723c751e8b465ee728b)
Start importing Assets/PowerUp/Prefabs/PowerUpContainerDoubleSpark-2.prefab using Guid(8f2875655f485be4d8438962a9d306bc) Importer(815301076,1909f56bfc062723c751e8b465ee728b)  -> (artifact id: '09ad59f7b86eed01933048957b63306a') in 0.015340 seconds 
  Import took 0.021351 seconds .

========================================================================
Received Import Request.
  Time since last request: 0.000157 seconds.
  path: Assets/PowerUp/Prefabs/PowerUpContainerYellowDollar.prefab
  artifactKey: Guid(f832b09c86bd81e4f91beb978de1ae75) Importer(815301076,1909f56bfc062723c751e8b465ee728b)
Start importing Assets/PowerUp/Prefabs/PowerUpContainerYellowDollar.prefab using Guid(f832b09c86bd81e4f91beb978de1ae75) Importer(815301076,1909f56bfc062723c751e8b465ee728b)  -> (artifact id: 'e3af68ccc10ecadfc881e8688ffea14b') in 0.040378 seconds 
  Import took 0.046382 seconds .

========================================================================
Received Import Request.
  Time since last request: 0.000200 seconds.
  path: Assets/PowerUp/Prefabs/PowerUpContainerElectricSpark.prefab
  artifactKey: Guid(034e51e6d8986d04795f48b487231687) Importer(815301076,1909f56bfc062723c751e8b465ee728b)
Start importing Assets/PowerUp/Prefabs/PowerUpContainerElectricSpark.prefab using Guid(034e51e6d8986d04795f48b487231687) Importer(815301076,1909f56bfc062723c751e8b465ee728b)  -> (artifact id: '4269e012d4c89883d13c36433c454200') in 0.035582 seconds 
  Import took 0.041023 seconds .

========================================================================
Received Import Request.
  Time since last request: 0.000284 seconds.
  path: Assets/PowerUp/Prefabs/PowerUpContainerGreen.prefab
  artifactKey: Guid(aaf860cd8993a6c4b984c97449417579) Importer(815301076,1909f56bfc062723c751e8b465ee728b)
Start importing Assets/PowerUp/Prefabs/PowerUpContainerGreen.prefab using Guid(aaf860cd8993a6c4b984c97449417579) Importer(815301076,1909f56bfc062723c751e8b465ee728b)  -> (artifact id: '209284766e8916f27786ad1d8ccab1b9') in 0.016573 seconds 
  Import took 0.021966 seconds .

========================================================================
Received Import Request.
  Time since last request: 0.000148 seconds.
  path: Assets/PowerUp/Prefabs/PowerUpContainerRed.prefab
  artifactKey: Guid(879451a5e2214f143a7edf5dd3e32020) Importer(815301076,1909f56bfc062723c751e8b465ee728b)
Start importing Assets/PowerUp/Prefabs/PowerUpContainerRed.prefab using Guid(879451a5e2214f143a7edf5dd3e32020) Importer(815301076,1909f56bfc062723c751e8b465ee728b)  -> (artifact id: 'b085239ce9eb9f712f9a42ea5e5b94c7') in 0.027188 seconds 
  Import took 0.032983 seconds .

========================================================================
Received Import Request.
  Time since last request: 0.000190 seconds.
  path: Assets/PowerUp/Prefabs/PowerUpContainerWhite.prefab
  artifactKey: Guid(e0b186a53bbd65f498681cafa278d094) Importer(815301076,1909f56bfc062723c751e8b465ee728b)
Start importing Assets/PowerUp/Prefabs/PowerUpContainerWhite.prefab using Guid(e0b186a53bbd65f498681cafa278d094) Importer(815301076,1909f56bfc062723c751e8b465ee728b)  -> (artifact id: 'cff6abb500a9967ea7133e5f1643224a') in 0.022135 seconds 
  Import took 0.027582 seconds .

========================================================================
Received Import Request.
  Time since last request: 3.785917 seconds.
  path: Assets/PowerUp/Prefabs/CustomizableParts/InnerPowerUp.prefab
  artifactKey: Guid(149a83b3d7325574581f93b92f7e7746) Importer(815301076,1909f56bfc062723c751e8b465ee728b)
Start importing Assets/PowerUp/Prefabs/CustomizableParts/InnerPowerUp.prefab using Guid(149a83b3d7325574581f93b92f7e7746) Importer(815301076,1909f56bfc062723c751e8b465ee728b)  -> (artifact id: '0e2b4f8338929462c0eecff33adb1e64') in 0.128410 seconds 
  Import took 0.150092 seconds .

========================================================================
Received Import Request.
  Time since last request: 0.000230 seconds.
  path: Assets/PowerUp/Prefabs/CustomizableParts/PowerUp.prefab
  artifactKey: Guid(f8efad34b6fb67641a44679362c8f942) Importer(815301076,1909f56bfc062723c751e8b465ee728b)
Start importing Assets/PowerUp/Prefabs/CustomizableParts/PowerUp.prefab using Guid(f8efad34b6fb67641a44679362c8f942) Importer(815301076,1909f56bfc062723c751e8b465ee728b)  -> (artifact id: 'fb1fe5e91d46b133a85c8fd635f3a9bb') in 0.013933 seconds 
  Import took 0.019413 seconds .

========================================================================
Received Import Request.
  Time since last request: 1039.295619 seconds.
  path: Assets/OutFile/Epic Toon FX/Textures/circlestretchy.png
  artifactKey: Guid(c164f9cd69bbdea4fb535a9e6624bea8) Importer(815301076,1909f56bfc062723c751e8b465ee728b)
Start importing Assets/OutFile/Epic Toon FX/Textures/circlestretchy.png using Guid(c164f9cd69bbdea4fb535a9e6624bea8) Importer(815301076,1909f56bfc062723c751e8b465ee728b)  -> (artifact id: '1fe84289eb26de113e80926c515629aa') in 0.021443 seconds 
  Import took 0.041998 seconds .

========================================================================
Received Import Request.
  Time since last request: 0.000189 seconds.
  path: Assets/OutFile/Epic Toon FX/Textures/cloud_2x2_soft.png
  artifactKey: Guid(d91a7ceceb48b6d4eb7da66199435d99) Importer(815301076,1909f56bfc062723c751e8b465ee728b)
Start importing Assets/OutFile/Epic Toon FX/Textures/cloud_2x2_soft.png using Guid(d91a7ceceb48b6d4eb7da66199435d99) Importer(815301076,1909f56bfc062723c751e8b465ee728b)  -> (artifact id: '90c40bc88500fd5957449d2f9ea5dafe') in 0.015733 seconds 
  Import took 0.036943 seconds .

========================================================================
Received Import Request.
  Time since last request: 0.000217 seconds.
  path: Assets/OutFile/Epic Toon FX/Textures/sparkle2.png
  artifactKey: Guid(81c2794b522bc6a4fa81c3ad4900b9c6) Importer(815301076,1909f56bfc062723c751e8b465ee728b)
Start importing Assets/OutFile/Epic Toon FX/Textures/sparkle2.png using Guid(81c2794b522bc6a4fa81c3ad4900b9c6) Importer(815301076,1909f56bfc062723c751e8b465ee728b)  -> (artifact id: 'd36bfddd36dc75eeda38b8ca7f5b65e3') in 0.026755 seconds 
  Import took 0.039154 seconds .

AssetImportWorkerClient::OnTransportError - code=2 error=End of file
